timeout = 0.2 sec
sizes
1.jpg: 38052 
2.png: 2807541
3.pdf: 3074971
4.zip: 6565124
5.pdf: 6516476


plp = 0
1.jpg:11.09 = 0.01109
2.png:681.59 = 0.68159
3.pdf:760.62 = 0.76062
4.zip:1588.89 = 1.58889
5.pdf:1625.12 = 1.62512


plp = 0.01
1.jpg:424.06 = 0.42406
2.png:10876 = 10.876
3.pdf:12725.801 = 12.725801
4.zip:26702.807 = 26.702807
5.pdf:26609.3707 = 26.6093707


in secs:

plp = 0.05
1.jpg:1.0296
2.png:55.4011
3.pdf:61.6342
4.zip:145.4134
5.pdf:143.9542


plp = 0.1
1.jpg:1.637
2.png:129.0599
3.pdf:151.164
4.zip:290.396
5.pdf:286.3169



plp = 0.3
1.jpg:6.4481
2.png:442.35
3.pdf:491.4215
4.zip:1111.4338
5.pdf:1101.3499